<?xml version="1.0" encoding="UTF-8"?>
<!-- Generated by org.testng.reporters.JUnitXMLReporter -->
<testsuite hostname="ATMECSINLT-084" ignored="0" name="Default test" tests="1" failures="0" timestamp="2019-11-11T11:19:59 IST" time="0.109" errors="0">
  <testcase name="@BeforeTest open_Url" time="0.022" classname="com.atmecs.testscripts.HotSauce">
    <failure type="java.lang.NullPointerException">
      <![CDATA[java.lang.NullPointerException
at com.atmecs.tutorialsninja.utils.UtilityFiles.geturl(UtilityFiles.java:73)
at com.atmecs.testscripts.HotSauce.open_Url(HotSauce.java:24)
at sun.reflect.NativeMethodAccessorImpl.invoke0(Native Method)
at sun.reflect.NativeMethodAccessorImpl.invoke(Unknown Source)
at sun.reflect.DelegatingMethodAccessorImpl.invoke(Unknown Source)
at java.lang.reflect.Method.invoke(Unknown Source)
at org.testng.internal.MethodInvocationHelper.invokeMethod(MethodInvocationHelper.java:133)
at org.testng.internal.MethodInvocationHelper.invokeMethodConsideringTimeout(MethodInvocationHelper.java:62)
at org.testng.internal.ConfigInvoker.invokeConfigurationMethod(ConfigInvoker.java:340)
at org.testng.internal.ConfigInvoker.invokeConfigurations(ConfigInvoker.java:294)
at org.testng.TestRunner.invokeTestConfigurations(TestRunner.java:623)
at org.testng.TestRunner.beforeRun(TestRunner.java:613)
at org.testng.TestRunner.run(TestRunner.java:584)
at org.testng.SuiteRunner.runTest(SuiteRunner.java:402)
at org.testng.SuiteRunner.runSequentially(SuiteRunner.java:396)
at org.testng.SuiteRunner.privateRun(SuiteRunner.java:355)
at org.testng.SuiteRunner.run(SuiteRunner.java:304)
at org.testng.SuiteRunnerWorker.runSuite(SuiteRunnerWorker.java:53)
at org.testng.SuiteRunnerWorker.run(SuiteRunnerWorker.java:96)
at org.testng.TestNG.runSuitesSequentially(TestNG.java:1180)
at org.testng.TestNG.runSuitesLocally(TestNG.java:1102)
at org.testng.TestNG.runSuites(TestNG.java:1032)
at org.testng.TestNG.run(TestNG.java:1000)
at org.testng.remote.AbstractRemoteTestNG.run(AbstractRemoteTestNG.java:115)
at org.testng.remote.RemoteTestNG.initAndRun(RemoteTestNG.java:251)
at org.testng.remote.RemoteTestNG.main(RemoteTestNG.java:77)
]]>
    </failure>
  </testcase> <!-- @BeforeTest open_Url -->
  <testcase name="@BeforeClass browserSelect" time="-1.573451399704E9" classname="com.atmecs.tutorialsninja.testbase.TestSuiteBase">
    <skipped/>
  </testcase> <!-- @BeforeClass browserSelect -->
  <testcase name="@AfterClass browserQuit" time="-1.573451399734E9" classname="com.atmecs.tutorialsninja.testbase.TestSuiteBase">
    <skipped/>
  </testcase> <!-- @AfterClass browserQuit -->
  <testcase name="home_page" time="0.0" classname="com.atmecs.testscripts.HotSauce">
    <skipped/>
  </testcase> <!-- home_page -->
</testsuite> <!-- Default test -->
