<?xml version="1.0" encoding="UTF-8"?>
<testng-results skipped="0" failed="0" ignored="0" total="1" passed="1">
  <reporter-output>
  </reporter-output>
  <suite name="Default suite" duration-ms="26040" started-at="2019-11-11T16:13:59 IST" finished-at="2019-11-11T16:14:25 IST">
    <groups>
    </groups>
    <test name="Default test" duration-ms="26040" started-at="2019-11-11T16:13:59 IST" finished-at="2019-11-11T16:14:25 IST">
      <class name="com.atmecs.testscripts.HotSauce">
        <test-method status="PASS" signature="browserSelect()[pri:0, instance:com.atmecs.testscripts.HotSauce@2892dae4]" name="browserSelect" is-config="true" duration-ms="6517" started-at="2019-11-11T16:13:59 IST" finished-at="2019-11-11T16:14:06 IST">
          <reporter-output>
          </reporter-output>
        </test-method> <!-- browserSelect -->
        <test-method status="PASS" signature="open_Url()[pri:0, instance:com.atmecs.testscripts.HotSauce@2892dae4]" name="open_Url" is-config="true" duration-ms="1670" started-at="2019-11-11T16:14:06 IST" finished-at="2019-11-11T16:14:08 IST">
          <reporter-output>
          </reporter-output>
        </test-method> <!-- open_Url -->
        <test-method status="PASS" signature="home_page()[pri:0, instance:com.atmecs.testscripts.HotSauce@2892dae4]" name="home_page" duration-ms="17765" started-at="2019-11-11T16:14:08 IST" finished-at="2019-11-11T16:14:25 IST">
          <reporter-output>
          </reporter-output>
        </test-method> <!-- home_page -->
        <test-method status="PASS" signature="browserQuit()[pri:0, instance:com.atmecs.testscripts.HotSauce@2892dae4]" name="browserQuit" is-config="true" duration-ms="33" started-at="2019-11-11T16:14:25 IST" finished-at="2019-11-11T16:14:25 IST">
          <reporter-output>
          </reporter-output>
        </test-method> <!-- browserQuit -->
      </class> <!-- com.atmecs.testscripts.HotSauce -->
    </test> <!-- Default test -->
  </suite> <!-- Default suite -->
</testng-results>
